<?xml version="1.0" encoding="UTF-8"?>
<testsuite xmlns:xsi="http://www.w3.org/2001/XMLSchema-instance" xsi:noNamespaceSchemaLocation="https://maven.apache.org/surefire/maven-surefire-plugin/xsd/surefire-test-report.xsd" name="com.group21.ci.AppTest" time="0.083" tests="1" errors="0" skipped="0" failures="0">
  <properties>
    <property name="java.specification.version" value="17"/>
    <property name="sun.jnu.encoding" value="UTF-8"/>
    <property name="java.class.path" value="/mnt/c/Users/alexg/Desktop/PCR/Schoolwork/Hogskola/Programmering/Personal GitHub/DD2480-CI/ci/target/test-classes:/mnt/c/Users/alexg/Desktop/PCR/Schoolwork/Hogskola/Programmering/Personal GitHub/DD2480-CI/ci/target/classes:/home/alex/.m2/repository/junit/junit/4.11/junit-4.11.jar:/home/alex/.m2/repository/org/hamcrest/hamcrest-core/1.3/hamcrest-core-1.3.jar:/home/alex/.m2/repository/javax/servlet/servlet-api/2.5/servlet-api-2.5.jar:/home/alex/.m2/repository/org/eclipse/jetty/jetty-server/7.0.2.v20100331/jetty-server-7.0.2.v20100331.jar:/home/alex/.m2/repository/org/eclipse/jetty/jetty-continuation/7.0.2.v20100331/jetty-continuation-7.0.2.v20100331.jar:/home/alex/.m2/repository/org/eclipse/jetty/jetty-http/7.0.2.v20100331/jetty-http-7.0.2.v20100331.jar:/home/alex/.m2/repository/org/eclipse/jetty/jetty-io/7.0.2.v20100331/jetty-io-7.0.2.v20100331.jar:/home/alex/.m2/repository/org/eclipse/jetty/jetty-util/7.0.2.v20100331/jetty-util-7.0.2.v20100331.jar:"/>
    <property name="java.vm.vendor" value="Private Build"/>
    <property name="sun.arch.data.model" value="64"/>
    <property name="java.vendor.url" value="Unknown"/>
    <property name="os.name" value="Linux"/>
    <property name="java.vm.specification.version" value="17"/>
    <property name="sun.java.launcher" value="SUN_STANDARD"/>
    <property name="user.country" value="US"/>
    <property name="sun.boot.library.path" value="/usr/lib/jvm/java-17-openjdk-amd64/lib"/>
    <property name="sun.java.command" value="/mnt/c/Users/alexg/Desktop/PCR/Schoolwork/Hogskola/Programmering/Personal GitHub/DD2480-CI/ci/target/surefire/surefirebooter395342277471113137.jar /mnt/c/Users/alexg/Desktop/PCR/Schoolwork/Hogskola/Programmering/Personal GitHub/DD2480-CI/ci/target/surefire 2024-02-06T11-37-26_932-jvmRun1 surefire9743218226188031751tmp surefire_014992532546301496402tmp"/>
    <property name="jdk.debug" value="release"/>
    <property name="surefire.test.class.path" value="/mnt/c/Users/alexg/Desktop/PCR/Schoolwork/Hogskola/Programmering/Personal GitHub/DD2480-CI/ci/target/test-classes:/mnt/c/Users/alexg/Desktop/PCR/Schoolwork/Hogskola/Programmering/Personal GitHub/DD2480-CI/ci/target/classes:/home/alex/.m2/repository/junit/junit/4.11/junit-4.11.jar:/home/alex/.m2/repository/org/hamcrest/hamcrest-core/1.3/hamcrest-core-1.3.jar:/home/alex/.m2/repository/javax/servlet/servlet-api/2.5/servlet-api-2.5.jar:/home/alex/.m2/repository/org/eclipse/jetty/jetty-server/7.0.2.v20100331/jetty-server-7.0.2.v20100331.jar:/home/alex/.m2/repository/org/eclipse/jetty/jetty-continuation/7.0.2.v20100331/jetty-continuation-7.0.2.v20100331.jar:/home/alex/.m2/repository/org/eclipse/jetty/jetty-http/7.0.2.v20100331/jetty-http-7.0.2.v20100331.jar:/home/alex/.m2/repository/org/eclipse/jetty/jetty-io/7.0.2.v20100331/jetty-io-7.0.2.v20100331.jar:/home/alex/.m2/repository/org/eclipse/jetty/jetty-util/7.0.2.v20100331/jetty-util-7.0.2.v20100331.jar:"/>
    <property name="sun.cpu.endian" value="little"/>
    <property name="user.home" value="/home/alex"/>
    <property name="user.language" value="en"/>
    <property name="java.specification.vendor" value="Oracle Corporation"/>
    <property name="java.version.date" value="2023-10-17"/>
    <property name="java.home" value="/usr/lib/jvm/java-17-openjdk-amd64"/>
    <property name="file.separator" value="/"/>
    <property name="basedir" value="/mnt/c/Users/alexg/Desktop/PCR/Schoolwork/Hogskola/Programmering/Personal GitHub/DD2480-CI/ci"/>
    <property name="java.vm.compressedOopsMode" value="Zero based"/>
    <property name="line.separator" value="&#10;"/>
    <property name="java.vm.specification.vendor" value="Oracle Corporation"/>
    <property name="java.specification.name" value="Java Platform API Specification"/>
    <property name="surefire.real.class.path" value="/mnt/c/Users/alexg/Desktop/PCR/Schoolwork/Hogskola/Programmering/Personal GitHub/DD2480-CI/ci/target/surefire/surefirebooter395342277471113137.jar"/>
    <property name="sun.management.compiler" value="HotSpot 64-Bit Tiered Compilers"/>
    <property name="java.runtime.version" value="17.0.9+9-Ubuntu-120.04"/>
    <property name="user.name" value="alex"/>
    <property name="path.separator" value=":"/>
    <property name="os.version" value="4.4.0-19041-Microsoft"/>
    <property name="java.runtime.name" value="OpenJDK Runtime Environment"/>
    <property name="file.encoding" value="UTF-8"/>
    <property name="java.vm.name" value="OpenJDK 64-Bit Server VM"/>
    <property name="localRepository" value="/home/alex/.m2/repository"/>
    <property name="java.vendor.url.bug" value="Unknown"/>
    <property name="java.io.tmpdir" value="/tmp"/>
    <property name="java.version" value="17.0.9"/>
    <property name="user.dir" value="/mnt/c/Users/alexg/Desktop/PCR/Schoolwork/Hogskola/Programmering/Personal GitHub/DD2480-CI/ci"/>
    <property name="os.arch" value="amd64"/>
    <property name="java.vm.specification.name" value="Java Virtual Machine Specification"/>
    <property name="native.encoding" value="UTF-8"/>
    <property name="java.library.path" value="/usr/java/packages/lib:/usr/lib/x86_64-linux-gnu/jni:/lib/x86_64-linux-gnu:/usr/lib/x86_64-linux-gnu:/usr/lib/jni:/lib:/usr/lib"/>
    <property name="java.vm.info" value="mixed mode, sharing"/>
    <property name="java.vendor" value="Private Build"/>
    <property name="java.vm.version" value="17.0.9+9-Ubuntu-120.04"/>
    <property name="sun.io.unicode.encoding" value="UnicodeLittle"/>
    <property name="java.class.version" value="61.0"/>
  </properties>
  <testcase name="shouldAnswerWithTrue" classname="com.group21.ci.AppTest" time="0.002"/>
</testsuite>